[13-Apr-2025 15:16:26 Europe/Berlin] Class profile not found, skipping instantiation for ./modular/profile.php.
[13-Apr-2025 15:16:26 Europe/Berlin] Class transaction not found, skipping instantiation for ./modular/transaction.php.
[13-Apr-2025 15:16:26 Europe/Berlin] servFx Error: SOAP server location 'http://localhost/server.php' is not accessible or did not return a 200 OK status.
[13-Apr-2025 15:16:26 Europe/Berlin] PHP Warning:  Undefined variable $e in C:\xamppserv\htdocs\rabbitlite\control\route.php on line 19
[13-Apr-2025 15:16:26 Europe/Berlin] Fatal Error: Error during application execution. in C:\xamppserv\htdocs\rabbitlite\control\route.php on line 19
[13-Apr-2025 15:16:27 Europe/Berlin] Class profile not found, skipping instantiation for ./modular/profile.php.
[13-Apr-2025 15:16:27 Europe/Berlin] Class transaction not found, skipping instantiation for ./modular/transaction.php.
[13-Apr-2025 15:16:27 Europe/Berlin] servFx Error: SOAP server location 'http://localhost/server.php' is not accessible or did not return a 200 OK status.
[13-Apr-2025 15:16:27 Europe/Berlin] PHP Warning:  Undefined variable $e in C:\xamppserv\htdocs\rabbitlite\control\route.php on line 19
[13-Apr-2025 15:16:27 Europe/Berlin] Fatal Error: Error during application execution. in C:\xamppserv\htdocs\rabbitlite\control\route.php on line 19
[13-Apr-2025 15:16:36 Europe/Berlin] Class profile not found, skipping instantiation for ./modular/profile.php.
[13-Apr-2025 15:16:36 Europe/Berlin] Class transaction not found, skipping instantiation for ./modular/transaction.php.
[13-Apr-2025 15:16:36 Europe/Berlin] servFx Error: SOAP server location 'http://localhost/server.php' is not accessible or did not return a 200 OK status.
[13-Apr-2025 15:16:36 Europe/Berlin] PHP Warning:  Undefined variable $e in C:\xamppserv\htdocs\rabbitlite\control\route.php on line 19
[13-Apr-2025 15:25:31 Europe/Berlin] PHP Warning:  The use statement with non-compound name 'SoapClient' has no effect in C:\xamppserv\htdocs\rabbitlite\control\control.php on line 4
[13-Apr-2025 15:25:31 Europe/Berlin] PHP Warning:  The use statement with non-compound name 'SoapFault' has no effect in C:\xamppserv\htdocs\rabbitlite\control\control.php on line 5
[13-Apr-2025 15:25:31 Europe/Berlin] PHP Warning:  The use statement with non-compound name 'Exception' has no effect in C:\xamppserv\htdocs\rabbitlite\control\control.php on line 6
[13-Apr-2025 15:25:31 Europe/Berlin] Class profile not found, skipping instantiation for ./modular/profile.php.
[13-Apr-2025 15:25:31 Europe/Berlin] Class transaction not found, skipping instantiation for ./modular/transaction.php.
[13-Apr-2025 15:25:31 Europe/Berlin] servFx Error: SOAP server location 'http://localhost/server.php' is not accessible or did not return a 200 OK status.
[13-Apr-2025 15:25:31 Europe/Berlin] PHP Warning:  Undefined variable $e in C:\xamppserv\htdocs\rabbitlite\control\route.php on line 19
[13-Apr-2025 15:25:31 Europe/Berlin] Fatal Error: Error during application execution. in C:\xamppserv\htdocs\rabbitlite\control\route.php on line 19
[13-Apr-2025 15:26:22 Europe/Berlin] PHP Warning:  The use statement with non-compound name 'SoapClient' has no effect in C:\xamppserv\htdocs\rabbitlite\control\control.php on line 4
[13-Apr-2025 15:26:22 Europe/Berlin] PHP Warning:  The use statement with non-compound name 'SoapFault' has no effect in C:\xamppserv\htdocs\rabbitlite\control\control.php on line 5
[13-Apr-2025 15:26:22 Europe/Berlin] PHP Warning:  The use statement with non-compound name 'Exception' has no effect in C:\xamppserv\htdocs\rabbitlite\control\control.php on line 6
[13-Apr-2025 15:26:22 Europe/Berlin] Class profile not found, skipping instantiation for ./modular/profile.php.
[13-Apr-2025 15:26:22 Europe/Berlin] Class transaction not found, skipping instantiation for ./modular/transaction.php.
[13-Apr-2025 15:26:22 Europe/Berlin] Fatal Error: Error during application execution. in C:\xamppserv\htdocs\rabbitlite\control\route.php on line 2
[13-Apr-2025 15:27:34 Europe/Berlin] Class profile not found, skipping instantiation for ./modular/profile.php.
[13-Apr-2025 15:27:34 Europe/Berlin] Class transaction not found, skipping instantiation for ./modular/transaction.php.
[13-Apr-2025 15:27:34 Europe/Berlin] Fatal Error: Error during application execution. in C:\xamppserv\htdocs\rabbitlite\control\route.php on line 2
[13-Apr-2025 15:29:06 Europe/Berlin] Class profile not found, skipping instantiation for ./modular/profile.php.
[13-Apr-2025 15:29:06 Europe/Berlin] Class transaction not found, skipping instantiation for ./modular/transaction.php.
[13-Apr-2025 15:29:06 Europe/Berlin] Fatal Error: Error during application execution. in C:\xamppserv\htdocs\rabbitlite\control\route.php on line 2
[13-Apr-2025 15:29:48 Europe/Berlin] Class profile not found, skipping instantiation for ./modular/profile.php.
[13-Apr-2025 15:29:48 Europe/Berlin] Class transaction not found, skipping instantiation for ./modular/transaction.php.
[13-Apr-2025 15:29:48 Europe/Berlin] Fatal Error: Error during application execution. in C:\xamppserv\htdocs\rabbitlite\control\route.php on line 2
[13-Apr-2025 15:35:15 Europe/Berlin] PHP Warning:  require_once(../config.php): Failed to open stream: No such file or directory in C:\xamppserv\htdocs\rabbitlite\control\global.php on line 8
[13-Apr-2025 15:35:15 Europe/Berlin] Fatal Error: Failed to load core application files. in C:\xamppserv\htdocs\rabbitlite\control\global.php on line 8
[13-Apr-2025 15:35:22 Europe/Berlin] Class profile not found, skipping instantiation for ./modular/profile.php.
[13-Apr-2025 15:35:22 Europe/Berlin] Class transaction not found, skipping instantiation for ./modular/transaction.php.
[13-Apr-2025 15:39:41 Europe/Berlin] Fatal Error: Failed to load core application files. in C:\xamppserv\htdocs\rabbitlite\control\global.php on line 8
[13-Apr-2025 15:40:02 Europe/Berlin] Fatal Error: Failed to load core application files. in C:\xamppserv\htdocs\rabbitlite\control\global.php on line 8
[13-Apr-2025 15:42:05 Europe/Berlin] Class profile not found, skipping instantiation for ./modular/profile.php.
[13-Apr-2025 15:42:05 Europe/Berlin] Class transaction not found, skipping instantiation for ./modular/transaction.php.
